<?xml version="1.0" encoding="UTF-8"?>
<!-- Generated by org.testng.reporters.JUnitXMLReporter -->
<testsuite ignored="0" hostname="DESKTOP-CMOBDH5" failures="0" tests="6" name="Default test" time="0.069" errors="0" timestamp="2021-04-14T11:55:09 IST">
  <testcase classname="com.qa.testNgScenario.DataProviderTest" name="dataTest" time="0.008"/>
  <testcase classname="com.qa.testNgScenario.DataProviderTest" name="dataTest" time="0.004"/>
  <testcase classname="com.qa.testNgScenario.DataProviderTest" name="dataTest" time="0.004"/>
  <testcase classname="com.qa.testNgScenario.DataProviderTest" name="dataTestFromAnotherClass" time="0.003"/>
  <testcase classname="com.qa.testNgScenario.DataProviderTest" name="dataTestFromAnotherClass" time="0.002"/>
  <testcase classname="com.qa.testNgScenario.DataProviderTest" name="dataTestFromAnotherClass" time="0.002"/>
</testsuite> <!-- Default test -->
