<?xml version="1.0" encoding="UTF-8"?>
<testng-results skipped="0" failed="0" ignored="0" total="1" passed="1">
  <reporter-output>
  </reporter-output>
  <suite name="Default suite" duration-ms="5472" started-at="2021-05-20T21:31:24 IST" finished-at="2021-05-20T21:31:29 IST">
    <groups>
    </groups>
    <test name="Default test" duration-ms="5472" started-at="2021-05-20T21:31:24 IST" finished-at="2021-05-20T21:31:29 IST">
      <class name="getRequest.GetData">
        <test-method status="PASS" signature="testResponse()[pri:0, instance:getRequest.GetData@26a7b76d]" name="testResponse" duration-ms="5392" started-at="2021-05-20T21:31:24 IST" finished-at="2021-05-20T21:31:29 IST">
          <reporter-output>
          </reporter-output>
        </test-method> <!-- testResponse -->
      </class> <!-- getRequest.GetData -->
    </test> <!-- Default test -->
  </suite> <!-- Default suite -->
</testng-results>
