<?xml version="1.0" encoding="UTF-8"?>
<testng-results ignored="0" total="1" passed="1" failed="0" skipped="0">
  <reporter-output>
  </reporter-output>
  <suite started-at="2021-04-08T14:26:46 IST" name="Suite" finished-at="2021-04-08T14:26:46 IST" duration-ms="51">
    <groups>
    </groups>
    <test started-at="2021-04-08T14:26:46 IST" name="Test2" finished-at="2021-04-08T14:26:46 IST" duration-ms="51">
      <class name="com.qa.testNgScenario.TestNgParameter">
        <test-method signature="TestParameter(java.lang.String)[pri:0, instance:com.qa.testNgScenario.TestNgParameter@4d02f94e]" started-at="2021-04-08T14:26:46 IST" name="TestParameter" finished-at="2021-04-08T14:26:46 IST" duration-ms="7" status="PASS">
          <params>
            <param index="0">
              <value>
                <![CDATA[Praveen]]>
              </value>
            </param>
          </params>
          <reporter-output>
          </reporter-output>
        </test-method> <!-- TestParameter -->
      </class> <!-- com.qa.testNgScenario.TestNgParameter -->
    </test> <!-- Test2 -->
  </suite> <!-- Suite -->
</testng-results>
